<?xml version="1.0" encoding="UTF-8"?>
<testsuite name="SimpleScalaTest" tests="1" skipped="0" failures="0" errors="0" timestamp="2020-07-28T09:52:51" hostname="DESKTOP-QODLSCJ" time="0.12">
  <properties/>
  <testcase name="packageFuncToOverride" classname="SimpleScalaTest" time="0.12"/>
  <system-out><![CDATA[]]></system-out>
  <system-err><![CDATA[]]></system-err>
</testsuite>
